app/build/intermediates/manifest_merge_blame_file/debug/manifest-merger-blame-debug-report.txt
1<?xml version="1.0" encoding="utf-8"?>
2<!--
3 Copyright (C) 2013 The Android Open Source Project
4
5     Licensed under the Apache License, Version 2.0 (the "License");
6     you may not use this file except in compliance with the License.
7     You may obtain a copy of the License at
8
9          http://www.apache.org/licenses/LICENSE-2.0
10
11     Unless required by applicable law or agreed to in writing, software
12     distributed under the License is distributed on an "AS IS" BASIS,
13     WITHOUT WARRANTIES OR CONDITIONS OF ANY KIND, either express or implied.
14     See the License for the specific language governing permissions and
15     limitations under the License.
16-->
17<!-- com.nordicsemi.nrfUARTv2 -->
18<manifest xmlns:android="http://schemas.android.com/apk/res/android"
19    package="com.wolverine.ble"
20    android:versionCode="43"
21    android:versionName="2.0" >
22
23    <uses-sdk
23-->src\main\AndroidManifest.xml:22:5-24:41
24        android:minSdkVersion="18"
24-->src\main\AndroidManifest.xml:23:9-35
25        android:targetSdkVersion="18" />
25-->src\main\AndroidManifest.xml:24:9-38
26
27    <uses-permission android:name="android.permission.BLUETOOTH" />
27-->src\main\AndroidManifest.xml:25:5-68
27-->src\main\AndroidManifest.xml:25:22-65
28    <uses-permission android:name="android.permission.BLUETOOTH_ADMIN" />
28-->src\main\AndroidManifest.xml:26:5-74
28-->src\main\AndroidManifest.xml:26:22-71
29    <uses-permission android:name="android.permission.ACCESS_FINE_LOCATION" />
29-->src\main\AndroidManifest.xml:27:5-78
29-->src\main\AndroidManifest.xml:27:22-76
30
31    <application
31-->src\main\AndroidManifest.xml:30:5-47:19
32        android:debuggable="true"
33        android:icon="@drawable/nrfuart_hdpi_icon"
33-->src\main\AndroidManifest.xml:33:9-51
34        android:label="@string/app_name"
34-->src\main\AndroidManifest.xml:31:9-41
35        android:testOnly="true"
36        android:theme="@android:style/Theme.Holo.Light" >
36-->src\main\AndroidManifest.xml:32:9-56
37        <activity
37-->src\main\AndroidManifest.xml:34:9-44:20
38            android:name="com.wolverine.ble.MainActivity"
38-->src\main\AndroidManifest.xml:35:13-58
39            android:configChanges="keyboardHidden|orientation|screenSize"
39-->src\main\AndroidManifest.xml:38:13-74
40            android:label="@string/app_name"
40-->src\main\AndroidManifest.xml:36:13-45
41            android:windowSoftInputMode="stateHidden" >
41-->src\main\AndroidManifest.xml:37:13-54
42            <intent-filter>
42-->src\main\AndroidManifest.xml:39:13-43:29
43                <action android:name="android.intent.action.MAIN" />
43-->src\main\AndroidManifest.xml:40:17-69
43-->src\main\AndroidManifest.xml:40:25-66
44
45                <category android:name="android.intent.category.LAUNCHER" />
45-->src\main\AndroidManifest.xml:42:17-77
45-->src\main\AndroidManifest.xml:42:27-74
46            </intent-filter>
47        </activity>
48        <activity
48-->src\main\AndroidManifest.xml:45:9-149
49            android:name="com.wolverine.ble.DeviceListActivity"
49-->src\main\AndroidManifest.xml:45:19-70
50            android:label="@string/app_name"
50-->src\main\AndroidManifest.xml:45:71-103
51            android:theme="@android:style/Theme.Dialog" />
51-->src\main\AndroidManifest.xml:45:104-147
52
53        <service
53-->src\main\AndroidManifest.xml:46:9-88
54            android:name="com.wolverine.ble.UartService"
54-->src\main\AndroidManifest.xml:46:41-85
55            android:enabled="true" />
55-->src\main\AndroidManifest.xml:46:18-40
56    </application>
57
58</manifest>